2025-02-04 13:27:58 [INFO]: GET /api/users/blogs?page=1&limit=7
2025-02-04 13:27:58 [INFO]: GET /api/users/blogs?page=1&limit=7
2025-02-04 13:27:58 [INFO]: GET /uploads/images/1738326404551-how-asking-for-feedback-can-power-your-career-growth.jpg
2025-02-04 13:27:58 [INFO]: GET /uploads/images/1738326868065-Information-Technology-2.jpeg
2025-02-04 13:27:58 [INFO]: GET /uploads/images/1738327157796-pc-153.webp
2025-02-04 13:27:58 [INFO]: GET /uploads/images/1738326624653-2e2e15b2553f673ad62fc44974a22908.png
2025-02-04 13:27:58 [INFO]: GET /uploads/images/1738326448139-OIP.jpg
2025-02-04 13:27:58 [INFO]: GET /uploads/images/1738325271233-businessman-walks-up-stairs-reach-his-goal-flat-vector-illustration_734610-17706.avif
2025-02-04 13:27:58 [INFO]: GET /uploads/images/1738306311402-106-Toddler-Sharing-is-Caring-2.jpg
2025-02-04 14:04:44 [INFO]: GET /api/users/blogs?page=1&limit=7
2025-02-04 14:04:44 [INFO]: GET /api/users/blogs?page=1&limit=7
2025-02-04 14:04:44 [INFO]: GET /uploads/images/1738327157796-pc-153.webp
2025-02-04 14:04:44 [INFO]: GET /uploads/images/1738326868065-Information-Technology-2.jpeg
2025-02-04 14:04:44 [INFO]: GET /uploads/images/1738326624653-2e2e15b2553f673ad62fc44974a22908.png
2025-02-04 14:04:44 [INFO]: GET /uploads/images/1738326448139-OIP.jpg
2025-02-04 14:04:44 [INFO]: GET /uploads/images/1738326404551-how-asking-for-feedback-can-power-your-career-growth.jpg
2025-02-04 14:04:44 [INFO]: GET /uploads/images/1738325271233-businessman-walks-up-stairs-reach-his-goal-flat-vector-illustration_734610-17706.avif
2025-02-04 14:04:44 [INFO]: GET /uploads/images/1738306311402-106-Toddler-Sharing-is-Caring-2.jpg
2025-02-04 14:06:25 [INFO]: POST /api/auth/register
2025-02-04 14:06:25 [INFO]: POST /api/otp/send
2025-02-04 14:06:44 [INFO]: POST /api/otp/verify
2025-02-04 14:07:34 [INFO]: POST /api/otp/verify
2025-02-04 14:08:26 [INFO]: POST /api/auth/signin
2025-02-04 14:08:27 [INFO]: GET /api/users/blogs?page=1&limit=7
2025-02-04 14:08:27 [INFO]: GET /api/users/blogs?page=1&limit=7
2025-02-04 14:08:27 [INFO]: GET /uploads/images/1738327157796-pc-153.webp
2025-02-04 14:08:27 [INFO]: GET /uploads/images/1738326868065-Information-Technology-2.jpeg
2025-02-04 14:08:27 [INFO]: GET /uploads/images/1738326624653-2e2e15b2553f673ad62fc44974a22908.png
2025-02-04 14:08:27 [INFO]: GET /uploads/images/1738326448139-OIP.jpg
2025-02-04 14:08:27 [INFO]: GET /uploads/images/1738326404551-how-asking-for-feedback-can-power-your-career-growth.jpg
2025-02-04 14:08:27 [INFO]: GET /uploads/images/1738325271233-businessman-walks-up-stairs-reach-his-goal-flat-vector-illustration_734610-17706.avif
2025-02-04 14:08:27 [INFO]: GET /uploads/images/1738306311402-106-Toddler-Sharing-is-Caring-2.jpg
2025-02-04 14:09:51 [INFO]: GET /api/users/blogs?page=1&limit=7
2025-02-04 14:09:51 [INFO]: GET /api/users/blogs?page=1&limit=7
2025-02-04 14:09:58 [INFO]: GET /api/users/blogs?page=2&limit=7
2025-02-04 14:09:58 [INFO]: GET /uploads/images/1738226512812-login_background.jpg
2025-02-04 14:09:58 [INFO]: GET /uploads/images/1738226315349-login_background.jpg
2025-02-04 14:10:02 [INFO]: GET /api/users/blogs?page=1&limit=7
2025-02-04 14:10:12 [INFO]: GET /api/users/blogs?page=2&limit=7
2025-02-04 14:10:16 [INFO]: GET /api/users/blogs?page=1&limit=7
2025-02-04 17:28:09 [INFO]: GET /api/users/blogs?page=1&limit=7
2025-02-04 17:28:09 [INFO]: GET /api/users/blogs?page=1&limit=7
2025-02-04 17:28:09 [INFO]: GET /uploads/images/1738327157796-pc-153.webp
2025-02-04 17:28:09 [INFO]: GET /uploads/images/1738326868065-Information-Technology-2.jpeg
2025-02-04 17:28:09 [INFO]: GET /uploads/images/1738326624653-2e2e15b2553f673ad62fc44974a22908.png
2025-02-04 17:28:09 [INFO]: GET /uploads/images/1738326404551-how-asking-for-feedback-can-power-your-career-growth.jpg
2025-02-04 17:28:09 [INFO]: GET /uploads/images/1738326448139-OIP.jpg
2025-02-04 17:28:09 [INFO]: GET /uploads/images/1738325271233-businessman-walks-up-stairs-reach-his-goal-flat-vector-illustration_734610-17706.avif
2025-02-04 17:28:09 [INFO]: GET /uploads/images/1738306311402-106-Toddler-Sharing-is-Caring-2.jpg
2025-02-04 17:28:24 [INFO]: GET /api/users/userData/679a411a9bcd761c2080c153
2025-02-04 17:28:24 [INFO]: GET /api/users/userData/679a411a9bcd761c2080c153
2025-02-04 17:28:24 [INFO]: POST /api/token
2025-02-04 17:28:24 [INFO]: POST /api/token
2025-02-04 17:28:24 [INFO]: GET /api/users/userData/679a411a9bcd761c2080c153
2025-02-04 17:28:24 [INFO]: GET /api/users/userData/679a411a9bcd761c2080c153
2025-02-04 17:28:26 [INFO]: GET /api/users/blogs/679a411a9bcd761c2080c153?page=1&10
2025-02-04 17:28:27 [INFO]: GET /api/users/blogs/679a411a9bcd761c2080c153?page=1&10
2025-02-04 17:28:31 [INFO]: GET /api/users/blogs?page=1&limit=7
2025-02-04 17:28:31 [INFO]: GET /api/users/blogs?page=1&limit=7
2025-02-04 17:28:53 [INFO]: GET /api/users/blogs?page=1&limit=7
2025-02-04 17:28:54 [INFO]: GET /api/users/blogs?page=1&limit=7
2025-02-04 17:28:54 [INFO]: GET /uploads/images/1738327157796-pc-153.webp
2025-02-04 17:28:54 [INFO]: GET /uploads/images/1738326868065-Information-Technology-2.jpeg
2025-02-04 17:28:54 [INFO]: GET /uploads/images/1738326624653-2e2e15b2553f673ad62fc44974a22908.png
2025-02-04 17:28:54 [INFO]: GET /uploads/images/1738326448139-OIP.jpg
2025-02-04 17:28:54 [INFO]: GET /uploads/images/1738326404551-how-asking-for-feedback-can-power-your-career-growth.jpg
2025-02-04 17:28:54 [INFO]: GET /uploads/images/1738325271233-businessman-walks-up-stairs-reach-his-goal-flat-vector-illustration_734610-17706.avif
2025-02-04 17:28:54 [INFO]: GET /uploads/images/1738306311402-106-Toddler-Sharing-is-Caring-2.jpg
