2025-02-05 16:38:10 [INFO]: GET /api/users/blogs?page=1&limit=7
2025-02-05 16:38:10 [INFO]: GET /api/users/blogs?page=1&limit=7
2025-02-05 16:38:11 [INFO]: GET /uploads/images/1738326868065-Information-Technology-2.jpeg
2025-02-05 16:38:11 [INFO]: GET /uploads/images/1738326624653-2e2e15b2553f673ad62fc44974a22908.png
2025-02-05 16:38:11 [INFO]: GET /uploads/images/1738326404551-how-asking-for-feedback-can-power-your-career-growth.jpg
2025-02-05 16:38:11 [INFO]: GET /uploads/images/1738327157796-pc-153.webp
2025-02-05 16:38:11 [INFO]: GET /uploads/images/1738326448139-OIP.jpg
2025-02-05 16:38:11 [INFO]: GET /uploads/images/1738325271233-businessman-walks-up-stairs-reach-his-goal-flat-vector-illustration_734610-17706.avif
2025-02-05 16:38:11 [INFO]: GET /uploads/images/1738306311402-106-Toddler-Sharing-is-Caring-2.jpg
2025-02-05 16:49:58 [INFO]: GET /api/users/blogs?page=1&limit=7
2025-02-05 16:54:18 [INFO]: GET /api/users/blogs?page=1&limit=7
2025-02-05 16:54:18 [INFO]: GET /api/users/blogs?page=1&limit=7
2025-02-05 16:54:18 [INFO]: GET /uploads/images/1738327157796-pc-153.webp
2025-02-05 16:54:18 [INFO]: GET /uploads/images/1738326624653-2e2e15b2553f673ad62fc44974a22908.png
2025-02-05 16:54:18 [INFO]: GET /uploads/images/1738326448139-OIP.jpg
2025-02-05 16:54:18 [INFO]: GET /uploads/images/1738326404551-how-asking-for-feedback-can-power-your-career-growth.jpg
2025-02-05 16:54:18 [INFO]: GET /uploads/images/1738326868065-Information-Technology-2.jpeg
2025-02-05 16:54:18 [INFO]: GET /uploads/images/1738325271233-businessman-walks-up-stairs-reach-his-goal-flat-vector-illustration_734610-17706.avif
2025-02-05 16:54:18 [INFO]: GET /uploads/images/1738306311402-106-Toddler-Sharing-is-Caring-2.jpg
2025-02-05 16:55:19 [INFO]: GET /api/users/blogs?page=1&limit=7
2025-02-05 16:56:33 [INFO]: GET /api/users/blogs?page=1&limit=7
2025-02-05 16:57:48 [INFO]: GET /api/users/blogs?page=1&limit=7
2025-02-05 16:59:19 [INFO]: GET /api/users/blogs?page=1&limit=7
2025-02-05 16:59:34 [INFO]: GET /api/users/blogs?page=1&limit=7
2025-02-05 16:59:49 [INFO]: GET /api/users/blogs?page=1&limit=7
2025-02-05 17:00:02 [INFO]: GET /api/users/blogs?page=1&limit=7
2025-02-05 17:00:31 [INFO]: GET /api/users/blogs?page=1&limit=7
2025-02-05 17:01:30 [INFO]: GET /api/users/blogs?page=1&limit=7
2025-02-05 17:02:17 [INFO]: GET /api/users/blogs?page=1&limit=7
2025-02-05 17:03:08 [INFO]: GET /api/users/blogs?page=1&limit=7
2025-02-05 17:03:32 [INFO]: GET /api/users/blogs?page=1&limit=7
2025-02-05 17:07:16 [INFO]: GET /api/users/blogs?page=1&limit=7
2025-02-05 17:09:25 [INFO]: GET /api/users/blogs?page=1&limit=7
2025-02-05 17:09:47 [INFO]: GET /api/users/blogs?page=1&limit=7
2025-02-05 17:11:33 [INFO]: GET /api/users/blogs?page=1&limit=7
2025-02-05 17:12:16 [INFO]: GET /api/users/blogs?page=1&limit=7
2025-02-05 17:12:33 [INFO]: GET /api/users/blogs?page=1&limit=7
2025-02-05 17:14:21 [INFO]: GET /api/users/blogs?page=1&limit=7
2025-02-05 17:14:29 [INFO]: GET /api/users/blogs?page=1&limit=7
2025-02-05 17:14:37 [INFO]: GET /api/users/blogs?page=1&limit=7
2025-02-05 17:17:27 [INFO]: GET /api/users/blogs?page=1&limit=7
2025-02-05 17:17:44 [INFO]: GET /api/users/blogs?page=1&limit=7
2025-02-05 17:17:53 [INFO]: GET /api/users/blogs?page=1&limit=7
2025-02-05 17:23:24 [INFO]: GET /api/users/blogs?page=1&limit=7
2025-02-05 17:24:24 [INFO]: GET /api/users/blogs?page=1&limit=7
2025-02-05 17:24:45 [INFO]: GET /api/users/blogs?page=1&limit=7
2025-02-05 17:24:58 [INFO]: GET /api/users/blogs?page=1&limit=7
2025-02-05 17:25:23 [INFO]: GET /api/users/blogs?page=1&limit=7
2025-02-05 17:25:23 [INFO]: GET /api/users/blogs?page=1&limit=7
2025-02-05 17:25:24 [INFO]: GET /api/users/blogs?page=1&limit=7
2025-02-05 17:25:24 [INFO]: GET /api/users/blogs?page=1&limit=7
2025-02-05 17:25:59 [INFO]: GET /api/users/blogs?page=1&limit=7
2025-02-05 17:26:09 [INFO]: GET /api/users/blogs?page=1&limit=7
2025-02-05 17:27:32 [INFO]: GET /api/users/blogs?page=1&limit=7
2025-02-05 17:27:36 [INFO]: GET /api/users/blogs?page=1&limit=7
2025-02-05 17:27:36 [INFO]: GET /api/users/blogs?page=1&limit=7
2025-02-05 17:28:24 [INFO]: GET /api/users/blogs?page=1&limit=7
2025-02-05 17:28:50 [INFO]: GET /api/users/blogs?page=1&limit=7
2025-02-05 17:29:53 [INFO]: GET /api/users/blogs?page=1&limit=7
2025-02-05 17:30:01 [INFO]: GET /api/users/blogs?page=1&limit=7
2025-02-05 17:30:20 [INFO]: GET /api/users/blogs?page=1&limit=7
2025-02-05 17:30:41 [INFO]: GET /api/users/blogs?page=1&limit=7
2025-02-05 17:31:06 [INFO]: GET /api/users/blogs?page=1&limit=7
2025-02-05 17:33:31 [INFO]: GET /api/users/blogs?page=1&limit=7
2025-02-05 17:33:46 [INFO]: GET /api/users/blogs?page=1&limit=7
2025-02-05 17:34:09 [INFO]: GET /api/users/blogs?page=1&limit=7
2025-02-05 17:34:30 [INFO]: GET /api/users/blogs?page=1&limit=7
2025-02-05 17:34:48 [INFO]: GET /api/users/blogs?page=1&limit=7
2025-02-05 17:35:01 [INFO]: GET /api/users/blogs?page=1&limit=7
2025-02-05 17:35:11 [INFO]: GET /api/users/blogs?page=1&limit=7
2025-02-05 17:35:24 [INFO]: GET /api/users/blogs?page=1&limit=7
2025-02-05 17:35:32 [INFO]: GET /api/users/blogs?page=1&limit=7
2025-02-05 17:35:47 [INFO]: GET /api/users/blogs?page=1&limit=7
2025-02-05 17:38:42 [INFO]: GET /api/users/blogs?page=1&limit=7
2025-02-05 17:39:47 [INFO]: GET /api/users/blogs?page=1&limit=7
2025-02-05 18:17:22 [INFO]: GET /api/users/blogs?page=1&limit=7
2025-02-05 18:17:22 [INFO]: GET /api/users/blogs?page=1&limit=7
