2025-02-06 12:14:59 [INFO]: POST /api/users/extract-pdf
2025-02-06 12:16:38 [INFO]: POST /api/users/extract-pdf
2025-02-06 12:18:27 [INFO]: POST /api/users/extract-pdf
2025-02-06 12:19:44 [INFO]: POST /api/users/extract-pdf
2025-02-06 12:22:05 [INFO]: POST /api/users/extract-pdf
2025-02-06 12:23:22 [INFO]: POST /api/users/extract-pdf
2025-02-06 12:29:44 [INFO]: POST /api/users/extract-pdf
2025-02-06 12:31:27 [INFO]: POST /api/users/extract-pdf
2025-02-06 12:39:04 [INFO]: POST /api/users/extract-pdf
2025-02-06 12:40:00 [INFO]: POST /api/users/extract-pdf
2025-02-06 12:49:11 [INFO]: POST /api/users/extract-pdf
2025-02-06 12:50:54 [INFO]: POST /api/users/extract-pdf
2025-02-06 12:51:55 [INFO]: POST /api/users/extract-pdf
2025-02-06 12:54:06 [INFO]: POST /api/users/extract-pdf
2025-02-06 12:54:57 [INFO]: POST /api/users/extract-pdf
2025-02-06 12:59:15 [INFO]: POST /api/users/extract-pdf
2025-02-06 12:59:52 [INFO]: POST /api/users/extract-pdf
2025-02-06 13:03:18 [INFO]: POST /api/users/extract-pdf
2025-02-06 13:18:39 [INFO]: POST /api/users/extract-pdf
2025-02-06 13:18:39 [ERROR]: Error: File too large
2025-02-06 13:19:17 [INFO]: POST /api/users/extract-pdf
2025-02-06 13:20:58 [INFO]: POST /api/users/extract-pdf
2025-02-06 13:41:45 [INFO]: POST /api/users/extract-pdf
2025-02-06 13:42:08 [INFO]: POST /api/users/extract-pdf
2025-02-06 13:44:02 [INFO]: POST /api/users/extract-pdf
2025-02-06 13:57:57 [INFO]: POST /api/users/extract-pdf
2025-02-06 14:14:48 [INFO]: POST /api/users/extract-pdf
2025-02-06 14:16:51 [INFO]: POST /api/users/extract-pdf
2025-02-06 14:18:00 [INFO]: POST /api/users/extract-pdf
2025-02-06 14:18:40 [INFO]: POST /api/users/extract-pdf
2025-02-06 14:19:04 [INFO]: GET /uploads/pdf/1738831720461-extracted.pdf
2025-02-06 14:19:05 [INFO]: GET /favicon.ico
2025-02-06 14:23:13 [INFO]: POST /api/users/extract-pdf
2025-02-06 14:23:22 [INFO]: GET /uploads/pdf/1738831993935-extracted.pdf
2025-02-06 14:27:14 [INFO]: POST /api/users/extract-pdf
2025-02-06 14:27:16 [INFO]: GET /uploads/pdf/1738832234159-extracted.pdf
2025-02-06 14:52:00 [INFO]: POST /api/auth/register
2025-02-06 14:52:01 [INFO]: POST /api/otp/send
2025-02-06 14:52:39 [INFO]: POST /api/otp/verify
2025-02-06 14:53:06 [INFO]: POST /api/auth/signin
2025-02-06 14:53:20 [INFO]: GET /api/users/userData/67a47f38b67f46e29fdf70cf
2025-02-06 14:53:20 [INFO]: GET /api/users/userData/67a47f38b67f46e29fdf70cf
2025-02-06 15:13:29 [INFO]: POST /api/auth/signin
2025-02-06 15:13:49 [INFO]: POST /api/users/extract-pdf
2025-02-06 15:18:36 [INFO]: POST /api/users/extract-pdf
2025-02-06 15:18:43 [INFO]: GET /uploads/pdf/1738835316637-extracted.pdf
2025-02-06 15:44:10 [INFO]: POST /api/users/extract-pdf
2025-02-06 19:22:57 [INFO]: POST /api/users/extract-pdf
2025-02-06 19:23:01 [INFO]: GET /uploads/pdf/1738849977307-extracted.pdf
2025-02-06 21:51:59 [INFO]: GET /api/users/userData/67a47f38b67f46e29fdf70cf
2025-02-06 21:51:59 [INFO]: GET /api/users/userData/67a47f38b67f46e29fdf70cf
2025-02-06 21:51:59 [INFO]: POST /api/token
2025-02-06 21:51:59 [INFO]: POST /api/token
2025-02-06 21:51:59 [INFO]: GET /api/users/userData/67a47f38b67f46e29fdf70cf
2025-02-06 21:51:59 [INFO]: GET /api/users/userData/67a47f38b67f46e29fdf70cf
2025-02-06 21:52:01 [INFO]: GET /api/users/pdfs/67a47f38b67f46e29fdf70cf?page=1&10
2025-02-06 21:52:01 [INFO]: GET /api/users/pdfs/67a47f38b67f46e29fdf70cf?page=1&10
2025-02-06 21:52:38 [INFO]: GET /api/users/pdfs/67a47f38b67f46e29fdf70cf?page=1&10
2025-02-06 21:52:38 [INFO]: GET /api/users/pdfs/67a47f38b67f46e29fdf70cf?page=1&10
2025-02-06 21:52:41 [INFO]: GET /api/users/pdfs/67a47f38b67f46e29fdf70cf?page=1&10
2025-02-06 21:52:41 [INFO]: GET /api/users/pdfs/67a47f38b67f46e29fdf70cf?page=1&10
2025-02-06 21:53:13 [INFO]: GET /api/users/pdfs/67a47f38b67f46e29fdf70cf?page=1&10
2025-02-06 21:53:13 [INFO]: GET /api/users/pdfs/67a47f38b67f46e29fdf70cf?page=1&10
2025-02-06 21:53:53 [INFO]: GET /api/users/pdfs/67a47f38b67f46e29fdf70cf?page=1&10
2025-02-06 21:53:53 [INFO]: GET /api/users/pdfs/67a47f38b67f46e29fdf70cf?page=1&10
2025-02-06 22:08:42 [INFO]: GET /api/users/pdfs/67a47f38b67f46e29fdf70cf?page=1&10
2025-02-06 22:08:43 [INFO]: GET /api/users/pdfs/67a47f38b67f46e29fdf70cf?page=1&10
2025-02-06 22:09:06 [INFO]: GET /api/users/pdfs/67a47f38b67f46e29fdf70cf?page=1&10
2025-02-06 22:09:06 [INFO]: GET /api/users/pdfs/67a47f38b67f46e29fdf70cf?page=1&10
2025-02-06 22:09:43 [INFO]: GET /api/users/pdfs/67a47f38b67f46e29fdf70cf?page=1&10
2025-02-06 22:09:43 [INFO]: GET /api/users/pdfs/67a47f38b67f46e29fdf70cf?page=1&10
2025-02-06 22:10:16 [INFO]: GET /api/users/pdfs/67a47f38b67f46e29fdf70cf?page=1&10
2025-02-06 22:10:40 [INFO]: GET /api/users/pdfs/67a47f38b67f46e29fdf70cf?page=1&10
2025-02-06 22:10:55 [INFO]: GET /api/users/pdfs/67a47f38b67f46e29fdf70cf?page=1&10
2025-02-06 22:25:21 [INFO]: GET /api/users/pdfs/67a47f38b67f46e29fdf70cf?page=1&10
2025-02-06 22:25:21 [INFO]: POST /api/token
2025-02-06 22:25:21 [INFO]: GET /api/users/pdfs/67a47f38b67f46e29fdf70cf?page=1&10
2025-02-06 22:25:25 [INFO]: GET /uploads/pdf/1738849977307-extracted.pdf
2025-02-06 22:26:00 [INFO]: GET /api/users/pdfs/67a47f38b67f46e29fdf70cf?page=1&10
2025-02-06 22:26:26 [INFO]: GET /api/users/pdfs/67a47f38b67f46e29fdf70cf?page=1&10
2025-02-06 22:27:25 [INFO]: GET /api/users/pdfs/67a47f38b67f46e29fdf70cf?page=1&10
2025-02-06 22:27:31 [INFO]: GET /uploads/pdf/1738835316637-extracted.pdf
2025-02-06 22:28:08 [INFO]: GET /api/users/pdfs/67a47f38b67f46e29fdf70cf?page=1&10
2025-02-06 22:28:26 [INFO]: GET /api/users/pdfs/67a47f38b67f46e29fdf70cf?page=1&10
2025-02-06 22:29:00 [INFO]: GET /api/users/pdfs/67a47f38b67f46e29fdf70cf?page=1&10
2025-02-06 22:29:22 [INFO]: GET /api/users/pdfs/67a47f38b67f46e29fdf70cf?page=1&10
2025-02-06 22:29:43 [INFO]: GET /api/users/pdfs/67a47f38b67f46e29fdf70cf?page=1&10
2025-02-06 22:29:56 [INFO]: GET /api/users/pdfs/67a47f38b67f46e29fdf70cf?page=1&10
2025-02-06 22:30:14 [INFO]: GET /api/users/pdfs/67a47f38b67f46e29fdf70cf?page=1&10
2025-02-06 22:30:30 [INFO]: GET /uploads/pdf/1738836850328-extracted.pdf
2025-02-06 22:30:35 [INFO]: GET /uploads/pdf/1738835029633-extracted.pdf
2025-02-06 22:31:04 [INFO]: DELETE /api/users/Pdfs/67a4beb9640d652987ff95ed
2025-02-06 22:40:55 [INFO]: GET /api/users/pdfs/67a47f38b67f46e29fdf70cf?page=1&10
2025-02-06 22:41:20 [INFO]: GET /api/users/pdfs/67a47f38b67f46e29fdf70cf?page=1&10
2025-02-06 22:44:45 [INFO]: GET /api/users/pdfs/67a47f38b67f46e29fdf70cf?page=1&10
2025-02-06 22:44:46 [INFO]: GET /api/users/pdfs/67a47f38b67f46e29fdf70cf?page=1&10
2025-02-06 22:48:25 [INFO]: GET /api/users/userData/67a47f38b67f46e29fdf70cf
2025-02-06 22:48:25 [INFO]: GET /api/users/userData/67a47f38b67f46e29fdf70cf
2025-02-06 22:48:30 [INFO]: GET /api/users/pdfs/67a47f38b67f46e29fdf70cf?page=1&10
2025-02-06 22:48:30 [INFO]: GET /api/users/pdfs/67a47f38b67f46e29fdf70cf?page=1&10
2025-02-06 22:48:34 [INFO]: GET /api/users/userData/67a47f38b67f46e29fdf70cf
2025-02-06 22:48:34 [INFO]: GET /api/users/userData/67a47f38b67f46e29fdf70cf
2025-02-06 23:02:26 [INFO]: GET /api/users/userData/67a47f38b67f46e29fdf70cf
2025-02-06 23:02:26 [INFO]: GET /api/users/userData/67a47f38b67f46e29fdf70cf
2025-02-06 23:02:26 [INFO]: POST /api/token
2025-02-06 23:02:26 [INFO]: POST /api/token
2025-02-06 23:02:26 [INFO]: GET /api/users/userData/67a47f38b67f46e29fdf70cf
2025-02-06 23:02:26 [INFO]: GET /api/users/userData/67a47f38b67f46e29fdf70cf
2025-02-06 23:02:37 [INFO]: GET /api/users/pdfs/67a47f38b67f46e29fdf70cf?page=1&10
2025-02-06 23:02:37 [INFO]: GET /api/users/pdfs/67a47f38b67f46e29fdf70cf?page=1&10
2025-02-06 23:13:17 [INFO]: DELETE /api/users/Pdfs/67a4beb9640d652987ff95ed
2025-02-06 23:13:17 [INFO]: GET /api/users/pdfs/67a47f38b67f46e29fdf70cf?page=1&10
2025-02-06 23:19:22 [INFO]: POST /api/users/extract-pdf
2025-02-06 23:19:34 [INFO]: GET /uploads/pdf/1738864162475-extracted.pdf
2025-02-06 23:19:51 [INFO]: GET /api/users/userData/67a47f38b67f46e29fdf70cf
2025-02-06 23:19:51 [INFO]: GET /api/users/userData/67a47f38b67f46e29fdf70cf
2025-02-06 23:23:39 [INFO]: POST /api/auth/signin
2025-02-06 23:25:54 [INFO]: POST /api/auth/register
2025-02-06 23:25:54 [INFO]: POST /api/otp/send
2025-02-06 23:27:54 [INFO]: POST /api/auth/register
2025-02-06 23:27:54 [INFO]: POST /api/otp/send
2025-02-06 23:32:04 [INFO]: POST /api/auth/register
2025-02-06 23:32:05 [INFO]: POST /api/otp/send
2025-02-06 23:35:51 [INFO]: POST /api/auth/register
2025-02-06 23:35:51 [INFO]: POST /api/otp/send
